2023-03-23 14:08:34,244 [Worker-6: Loading available Gradle versions] INFO  o.e.b.c.i.u.g.PublishedGradleVersions - Gradle version information cache is out-of-date. Trying to update.
2023-03-23 14:16:19,082 [Worker-4: Creating project "seach.com"] INFO  o.e.m.c.i.l.LifecycleMappingFactory - Using org.eclipse.m2e.jdt.JarLifecycleMapping lifecycle mapping for MavenProject: com.search:seach.com:0.0.1-SNAPSHOT @ C:\Users\gobar\OneDrive\Desktop\Cucumber_Projects\seach.com\pom.xml.
2023-03-23 14:16:24,045 [Worker-4: Creating project "seach.com"] INFO  o.e.m.j.i.AbstractJavaProjectConfigurator - Adding source folder /seach.com/src/main/java
2023-03-23 14:16:24,047 [Worker-4: Creating project "seach.com"] INFO  o.e.m.j.i.AbstractJavaProjectConfigurator - Adding resource folder /seach.com/src/main/resources
2023-03-23 14:16:24,049 [Worker-4: Creating project "seach.com"] INFO  o.e.m.j.i.AbstractJavaProjectConfigurator - Adding source folder /seach.com/src/test/java
2023-03-23 14:16:24,050 [Worker-4: Creating project "seach.com"] INFO  o.e.m.j.i.AbstractJavaProjectConfigurator - Adding resource folder /seach.com/src/test/resources
2023-03-23 14:16:26,820 [Worker-4: Building] WARN  o.e.m.c.i.embedder.EclipseLogger - Using platform encoding (UTF-8 actually) to copy filtered resources, i.e. build is platform dependent!
2023-03-23 14:16:26,830 [Worker-4: Building] INFO  o.e.m.c.i.embedder.EclipseLogger - Copying 0 resource
2023-03-23 14:16:26,837 [Worker-4: Building] WARN  o.e.m.c.i.embedder.EclipseLogger - Using platform encoding (UTF-8 actually) to copy filtered resources, i.e. build is platform dependent!
2023-03-23 14:16:26,839 [Worker-4: Building] INFO  o.e.m.c.i.embedder.EclipseLogger - Copying 0 resource
2023-03-23 14:16:38,339 [Worker-0: Building] WARN  o.e.m.c.i.embedder.EclipseLogger - Using platform encoding (UTF-8 actually) to copy filtered resources, i.e. build is platform dependent!
2023-03-23 14:16:38,348 [Worker-0: Building] INFO  o.e.m.c.i.embedder.EclipseLogger - Copying 0 resource
2023-03-23 14:16:38,353 [Worker-0: Building] WARN  o.e.m.c.i.embedder.EclipseLogger - Using platform encoding (UTF-8 actually) to copy filtered resources, i.e. build is platform dependent!
2023-03-23 14:16:38,355 [Worker-0: Building] INFO  o.e.m.c.i.embedder.EclipseLogger - Copying 0 resource
2023-03-23 14:17:59,171 [Worker-19: Building] INFO  o.e.m.c.i.l.LifecycleMappingFactory - Using org.eclipse.m2e.jdt.JarLifecycleMapping lifecycle mapping for MavenProject: com.search:seach.com:0.0.1-SNAPSHOT @ C:\Users\gobar\OneDrive\Desktop\Cucumber_Projects\seach.com\pom.xml.
2023-03-23 14:18:02,388 [Worker-15: Download sources and javadoc] INFO  o.e.m.c.i.e.AbstractTransferListenerAdapter - Downloading https://repo.maven.apache.org/maven2/io/cucumber/cucumber-java/6.11.0/cucumber-java-6.11.0-sources.jar
2023-03-23 14:18:02,546 [Worker-15: Download sources and javadoc] INFO  o.e.m.c.i.e.AbstractTransferListenerAdapter - Downloaded https://repo.maven.apache.org/maven2/io/cucumber/cucumber-java/6.11.0/cucumber-java-6.11.0-sources.jar
2023-03-23 14:18:02,552 [Worker-15: Download sources and javadoc] INFO  o.e.m.j.internal.DownloadSourcesJob - Downloaded sources for io.cucumber:cucumber-java:6.11.0
2023-03-23 14:18:02,671 [Worker-15: Download sources and javadoc] INFO  o.e.m.c.i.e.AbstractTransferListenerAdapter - Downloading https://repo.maven.apache.org/maven2/io/cucumber/cucumber-core/6.11.0/cucumber-core-6.11.0-sources.jar
2023-03-23 14:18:02,806 [Worker-15: Download sources and javadoc] INFO  o.e.m.c.i.e.AbstractTransferListenerAdapter - Downloaded https://repo.maven.apache.org/maven2/io/cucumber/cucumber-core/6.11.0/cucumber-core-6.11.0-sources.jar
2023-03-23 14:18:02,811 [Worker-15: Download sources and javadoc] INFO  o.e.m.j.internal.DownloadSourcesJob - Downloaded sources for io.cucumber:cucumber-core:6.11.0
2023-03-23 14:18:02,910 [Worker-15: Download sources and javadoc] INFO  o.e.m.c.i.e.AbstractTransferListenerAdapter - Downloading https://repo.maven.apache.org/maven2/io/cucumber/cucumber-gherkin/6.11.0/cucumber-gherkin-6.11.0-sources.jar
2023-03-23 14:18:03,035 [Worker-15: Download sources and javadoc] INFO  o.e.m.c.i.e.AbstractTransferListenerAdapter - Downloaded https://repo.maven.apache.org/maven2/io/cucumber/cucumber-gherkin/6.11.0/cucumber-gherkin-6.11.0-sources.jar
2023-03-23 14:18:03,040 [Worker-15: Download sources and javadoc] INFO  o.e.m.j.internal.DownloadSourcesJob - Downloaded sources for io.cucumber:cucumber-gherkin:6.11.0
2023-03-23 14:18:03,149 [Worker-15: Download sources and javadoc] INFO  o.e.m.c.i.e.AbstractTransferListenerAdapter - Downloading https://repo.maven.apache.org/maven2/io/cucumber/cucumber-gherkin-messages/6.11.0/cucumber-gherkin-messages-6.11.0-sources.jar
2023-03-23 14:18:03,312 [Worker-15: Download sources and javadoc] INFO  o.e.m.c.i.e.AbstractTransferListenerAdapter - Downloaded https://repo.maven.apache.org/maven2/io/cucumber/cucumber-gherkin-messages/6.11.0/cucumber-gherkin-messages-6.11.0-sources.jar
2023-03-23 14:18:03,317 [Worker-15: Download sources and javadoc] INFO  o.e.m.j.internal.DownloadSourcesJob - Downloaded sources for io.cucumber:cucumber-gherkin-messages:6.11.0
2023-03-23 14:18:03,418 [Worker-15: Download sources and javadoc] INFO  o.e.m.c.i.e.AbstractTransferListenerAdapter - Downloading https://repo.maven.apache.org/maven2/io/cucumber/messages/15.0.0/messages-15.0.0-sources.jar
2023-03-23 14:18:03,513 [Worker-15: Download sources and javadoc] INFO  o.e.m.c.i.e.AbstractTransferListenerAdapter - Downloaded https://repo.maven.apache.org/maven2/io/cucumber/messages/15.0.0/messages-15.0.0-sources.jar
2023-03-23 14:18:03,519 [Worker-15: Download sources and javadoc] INFO  o.e.m.j.internal.DownloadSourcesJob - Downloaded sources for io.cucumber:messages:15.0.0
2023-03-23 14:18:03,610 [Worker-15: Download sources and javadoc] INFO  o.e.m.c.i.e.AbstractTransferListenerAdapter - Downloading https://repo.maven.apache.org/maven2/io/cucumber/tag-expressions/3.0.1/tag-expressions-3.0.1-sources.jar
2023-03-23 14:18:03,702 [Worker-15: Download sources and javadoc] INFO  o.e.m.c.i.e.AbstractTransferListenerAdapter - Downloaded https://repo.maven.apache.org/maven2/io/cucumber/tag-expressions/3.0.1/tag-expressions-3.0.1-sources.jar
2023-03-23 14:18:03,707 [Worker-15: Download sources and javadoc] INFO  o.e.m.j.internal.DownloadSourcesJob - Downloaded sources for io.cucumber:tag-expressions:3.0.1
2023-03-23 14:18:03,822 [Worker-15: Download sources and javadoc] INFO  o.e.m.c.i.e.AbstractTransferListenerAdapter - Downloading https://repo.maven.apache.org/maven2/io/cucumber/cucumber-expressions/10.3.0/cucumber-expressions-10.3.0-sources.jar
2023-03-23 14:18:04,253 [Worker-15: Download sources and javadoc] INFO  o.e.m.c.i.e.AbstractTransferListenerAdapter - Downloaded https://repo.maven.apache.org/maven2/io/cucumber/cucumber-expressions/10.3.0/cucumber-expressions-10.3.0-sources.jar
2023-03-23 14:18:04,258 [Worker-15: Download sources and javadoc] INFO  o.e.m.j.internal.DownloadSourcesJob - Downloaded sources for io.cucumber:cucumber-expressions:10.3.0
2023-03-23 14:18:04,369 [Worker-15: Download sources and javadoc] INFO  o.e.m.c.i.e.AbstractTransferListenerAdapter - Downloading https://repo.maven.apache.org/maven2/io/cucumber/datatable/3.5.0/datatable-3.5.0-sources.jar
2023-03-23 14:18:04,718 [Worker-15: Download sources and javadoc] INFO  o.e.m.c.i.e.AbstractTransferListenerAdapter - Downloaded https://repo.maven.apache.org/maven2/io/cucumber/datatable/3.5.0/datatable-3.5.0-sources.jar
2023-03-23 14:18:04,723 [Worker-15: Download sources and javadoc] INFO  o.e.m.j.internal.DownloadSourcesJob - Downloaded sources for io.cucumber:datatable:3.5.0
2023-03-23 14:18:04,835 [Worker-15: Download sources and javadoc] INFO  o.e.m.c.i.e.AbstractTransferListenerAdapter - Downloading https://repo.maven.apache.org/maven2/io/cucumber/cucumber-plugin/6.11.0/cucumber-plugin-6.11.0-sources.jar
2023-03-23 14:18:04,995 [Worker-19: Building] WARN  o.e.m.c.i.embedder.EclipseLogger - Using platform encoding (UTF-8 actually) to copy filtered resources, i.e. build is platform dependent!
2023-03-23 14:18:05,000 [Worker-19: Building] INFO  o.e.m.c.i.embedder.EclipseLogger - Copying 0 resource
2023-03-23 14:18:05,007 [Worker-19: Building] WARN  o.e.m.c.i.embedder.EclipseLogger - Using platform encoding (UTF-8 actually) to copy filtered resources, i.e. build is platform dependent!
2023-03-23 14:18:05,009 [Worker-19: Building] INFO  o.e.m.c.i.embedder.EclipseLogger - Copying 0 resource
2023-03-23 14:18:07,089 [Worker-15: Download sources and javadoc] INFO  o.e.m.c.i.e.AbstractTransferListenerAdapter - Downloaded https://repo.maven.apache.org/maven2/io/cucumber/cucumber-plugin/6.11.0/cucumber-plugin-6.11.0-sources.jar
2023-03-23 14:18:07,094 [Worker-15: Download sources and javadoc] INFO  o.e.m.j.internal.DownloadSourcesJob - Downloaded sources for io.cucumber:cucumber-plugin:6.11.0
2023-03-23 14:18:07,188 [Worker-15: Download sources and javadoc] INFO  o.e.m.c.i.e.AbstractTransferListenerAdapter - Downloading https://repo.maven.apache.org/maven2/io/cucumber/docstring/6.11.0/docstring-6.11.0-sources.jar
2023-03-23 14:18:07,884 [Worker-15: Download sources and javadoc] INFO  o.e.m.c.i.e.AbstractTransferListenerAdapter - Downloaded https://repo.maven.apache.org/maven2/io/cucumber/docstring/6.11.0/docstring-6.11.0-sources.jar
2023-03-23 14:18:07,889 [Worker-15: Download sources and javadoc] INFO  o.e.m.j.internal.DownloadSourcesJob - Downloaded sources for io.cucumber:docstring:6.11.0
2023-03-23 14:18:08,178 [Worker-15: Download sources and javadoc] INFO  o.e.m.c.i.e.AbstractTransferListenerAdapter - Downloading https://repo.maven.apache.org/maven2/io/cucumber/html-formatter/13.0.0/html-formatter-13.0.0-sources.jar
2023-03-23 14:18:09,411 [Worker-15: Download sources and javadoc] INFO  o.e.m.c.i.e.AbstractTransferListenerAdapter - Downloaded https://repo.maven.apache.org/maven2/io/cucumber/html-formatter/13.0.0/html-formatter-13.0.0-sources.jar
2023-03-23 14:18:09,417 [Worker-15: Download sources and javadoc] INFO  o.e.m.j.internal.DownloadSourcesJob - Downloaded sources for io.cucumber:html-formatter:13.0.0
2023-03-23 14:18:09,532 [Worker-15: Download sources and javadoc] INFO  o.e.m.c.i.e.AbstractTransferListenerAdapter - Downloading https://repo.maven.apache.org/maven2/io/cucumber/create-meta/4.0.0/create-meta-4.0.0-sources.jar
2023-03-23 14:18:10,180 [Worker-15: Download sources and javadoc] INFO  o.e.m.c.i.e.AbstractTransferListenerAdapter - Downloaded https://repo.maven.apache.org/maven2/io/cucumber/create-meta/4.0.0/create-meta-4.0.0-sources.jar
2023-03-23 14:18:10,185 [Worker-15: Download sources and javadoc] INFO  o.e.m.j.internal.DownloadSourcesJob - Downloaded sources for io.cucumber:create-meta:4.0.0
2023-03-23 14:18:10,375 [Worker-15: Download sources and javadoc] INFO  o.e.m.c.i.e.AbstractTransferListenerAdapter - Downloading https://repo.maven.apache.org/maven2/io/cucumber/cucumber-junit/6.11.0/cucumber-junit-6.11.0-sources.jar
2023-03-23 14:18:11,543 [Worker-15: Download sources and javadoc] INFO  o.e.m.c.i.e.AbstractTransferListenerAdapter - Downloaded https://repo.maven.apache.org/maven2/io/cucumber/cucumber-junit/6.11.0/cucumber-junit-6.11.0-sources.jar
2023-03-23 14:18:11,548 [Worker-15: Download sources and javadoc] INFO  o.e.m.j.internal.DownloadSourcesJob - Downloaded sources for io.cucumber:cucumber-junit:6.11.0
2023-03-23 14:19:02,367 [Worker-20: Building] WARN  o.e.m.c.i.embedder.EclipseLogger - Using platform encoding (UTF-8 actually) to copy filtered resources, i.e. build is platform dependent!
2023-03-23 14:19:02,369 [Worker-20: Building] INFO  o.e.m.c.i.embedder.EclipseLogger - Copying 0 resource
2023-03-23 14:19:02,374 [Worker-20: Building] WARN  o.e.m.c.i.embedder.EclipseLogger - Using platform encoding (UTF-8 actually) to copy filtered resources, i.e. build is platform dependent!
2023-03-23 14:19:02,376 [Worker-20: Building] INFO  o.e.m.c.i.embedder.EclipseLogger - Copying 0 resource
2023-03-23 14:20:15,761 [Worker-15: Launching search.feature] WARN  o.e.m.c.i.embedder.EclipseLogger - Using platform encoding (UTF-8 actually) to copy filtered resources, i.e. build is platform dependent!
2023-03-23 14:20:15,763 [Worker-15: Launching search.feature] INFO  o.e.m.c.i.embedder.EclipseLogger - Copying 0 resource
2023-03-23 14:20:15,768 [Worker-15: Launching search.feature] WARN  o.e.m.c.i.embedder.EclipseLogger - Using platform encoding (UTF-8 actually) to copy filtered resources, i.e. build is platform dependent!
2023-03-23 14:20:15,770 [Worker-15: Launching search.feature] INFO  o.e.m.c.i.embedder.EclipseLogger - Copying 0 resource
2023-03-23 14:21:02,488 [Worker-22: Building] WARN  o.e.m.c.i.embedder.EclipseLogger - Using platform encoding (UTF-8 actually) to copy filtered resources, i.e. build is platform dependent!
2023-03-23 14:21:02,490 [Worker-22: Building] INFO  o.e.m.c.i.embedder.EclipseLogger - Copying 0 resource
2023-03-23 14:21:02,502 [Worker-22: Building] WARN  o.e.m.c.i.embedder.EclipseLogger - Using platform encoding (UTF-8 actually) to copy filtered resources, i.e. build is platform dependent!
2023-03-23 14:21:02,510 [Worker-22: Building] INFO  o.e.m.c.i.embedder.EclipseLogger - Copying 0 resource
2023-03-23 14:24:23,789 [Worker-15: Building] WARN  o.e.m.c.i.embedder.EclipseLogger - Using platform encoding (UTF-8 actually) to copy filtered resources, i.e. build is platform dependent!
2023-03-23 14:24:23,791 [Worker-15: Building] INFO  o.e.m.c.i.embedder.EclipseLogger - Copying 0 resource
2023-03-23 14:24:23,796 [Worker-15: Building] WARN  o.e.m.c.i.embedder.EclipseLogger - Using platform encoding (UTF-8 actually) to copy filtered resources, i.e. build is platform dependent!
2023-03-23 14:24:23,799 [Worker-15: Building] INFO  o.e.m.c.i.embedder.EclipseLogger - Copying 0 resource
2023-03-23 14:24:37,874 [Worker-14: Building] WARN  o.e.m.c.i.embedder.EclipseLogger - Using platform encoding (UTF-8 actually) to copy filtered resources, i.e. build is platform dependent!
2023-03-23 14:24:37,877 [Worker-14: Building] INFO  o.e.m.c.i.embedder.EclipseLogger - Copying 0 resource
2023-03-23 14:24:37,882 [Worker-14: Building] WARN  o.e.m.c.i.embedder.EclipseLogger - Using platform encoding (UTF-8 actually) to copy filtered resources, i.e. build is platform dependent!
2023-03-23 14:24:37,885 [Worker-14: Building] INFO  o.e.m.c.i.embedder.EclipseLogger - Copying 0 resource
2023-03-23 14:25:01,950 [Worker-15: Building] WARN  o.e.m.c.i.embedder.EclipseLogger - Using platform encoding (UTF-8 actually) to copy filtered resources, i.e. build is platform dependent!
2023-03-23 14:25:01,952 [Worker-15: Building] INFO  o.e.m.c.i.embedder.EclipseLogger - Copying 0 resource
2023-03-23 14:25:01,958 [Worker-15: Building] WARN  o.e.m.c.i.embedder.EclipseLogger - Using platform encoding (UTF-8 actually) to copy filtered resources, i.e. build is platform dependent!
2023-03-23 14:25:01,960 [Worker-15: Building] INFO  o.e.m.c.i.embedder.EclipseLogger - Copying 0 resource
2023-03-23 14:25:09,921 [Worker-14: Building] WARN  o.e.m.c.i.embedder.EclipseLogger - Using platform encoding (UTF-8 actually) to copy filtered resources, i.e. build is platform dependent!
2023-03-23 14:25:09,923 [Worker-14: Building] INFO  o.e.m.c.i.embedder.EclipseLogger - Copying 0 resource
2023-03-23 14:25:09,928 [Worker-14: Building] WARN  o.e.m.c.i.embedder.EclipseLogger - Using platform encoding (UTF-8 actually) to copy filtered resources, i.e. build is platform dependent!
2023-03-23 14:25:09,931 [Worker-14: Building] INFO  o.e.m.c.i.embedder.EclipseLogger - Copying 0 resource
2023-03-23 14:25:33,438 [Worker-21: Launching search.feature] WARN  o.e.m.c.i.embedder.EclipseLogger - Using platform encoding (UTF-8 actually) to copy filtered resources, i.e. build is platform dependent!
2023-03-23 14:25:33,440 [Worker-21: Launching search.feature] INFO  o.e.m.c.i.embedder.EclipseLogger - Copying 0 resource
2023-03-23 14:25:33,445 [Worker-21: Launching search.feature] WARN  o.e.m.c.i.embedder.EclipseLogger - Using platform encoding (UTF-8 actually) to copy filtered resources, i.e. build is platform dependent!
2023-03-23 14:25:33,446 [Worker-21: Launching search.feature] INFO  o.e.m.c.i.embedder.EclipseLogger - Copying 0 resource
2023-03-23 14:26:32,876 [Worker-23: Building] WARN  o.e.m.c.i.embedder.EclipseLogger - Using platform encoding (UTF-8 actually) to copy filtered resources, i.e. build is platform dependent!
2023-03-23 14:26:32,878 [Worker-23: Building] INFO  o.e.m.c.i.embedder.EclipseLogger - Copying 0 resource
2023-03-23 14:26:32,883 [Worker-23: Building] WARN  o.e.m.c.i.embedder.EclipseLogger - Using platform encoding (UTF-8 actually) to copy filtered resources, i.e. build is platform dependent!
2023-03-23 14:26:32,886 [Worker-23: Building] INFO  o.e.m.c.i.embedder.EclipseLogger - Copying 0 resource
2023-03-23 14:26:36,371 [Worker-23: Building] WARN  o.e.m.c.i.embedder.EclipseLogger - Using platform encoding (UTF-8 actually) to copy filtered resources, i.e. build is platform dependent!
2023-03-23 14:26:36,373 [Worker-23: Building] INFO  o.e.m.c.i.embedder.EclipseLogger - Copying 0 resource
2023-03-23 14:26:36,378 [Worker-23: Building] WARN  o.e.m.c.i.embedder.EclipseLogger - Using platform encoding (UTF-8 actually) to copy filtered resources, i.e. build is platform dependent!
2023-03-23 14:26:36,380 [Worker-23: Building] INFO  o.e.m.c.i.embedder.EclipseLogger - Copying 0 resource
2023-03-23 14:27:24,941 [Worker-23: Building] WARN  o.e.m.c.i.embedder.EclipseLogger - Using platform encoding (UTF-8 actually) to copy filtered resources, i.e. build is platform dependent!
2023-03-23 14:27:24,943 [Worker-23: Building] INFO  o.e.m.c.i.embedder.EclipseLogger - Copying 0 resource
2023-03-23 14:27:24,948 [Worker-23: Building] WARN  o.e.m.c.i.embedder.EclipseLogger - Using platform encoding (UTF-8 actually) to copy filtered resources, i.e. build is platform dependent!
2023-03-23 14:27:24,951 [Worker-23: Building] INFO  o.e.m.c.i.embedder.EclipseLogger - Copying 0 resource
2023-03-23 14:28:11,464 [Worker-22: Building Workspace] WARN  o.e.m.c.i.embedder.EclipseLogger - Using platform encoding (UTF-8 actually) to copy filtered resources, i.e. build is platform dependent!
2023-03-23 14:28:11,466 [Worker-22: Building Workspace] INFO  o.e.m.c.i.embedder.EclipseLogger - Copying 0 resource
2023-03-23 14:28:11,470 [Worker-22: Building Workspace] WARN  o.e.m.c.i.embedder.EclipseLogger - Using platform encoding (UTF-8 actually) to copy filtered resources, i.e. build is platform dependent!
2023-03-23 14:28:11,474 [Worker-22: Building Workspace] INFO  o.e.m.c.i.embedder.EclipseLogger - Copying 1 resource
2023-03-23 14:28:23,677 [Worker-21: Building] WARN  o.e.m.c.i.embedder.EclipseLogger - Using platform encoding (UTF-8 actually) to copy filtered resources, i.e. build is platform dependent!
2023-03-23 14:28:23,679 [Worker-21: Building] INFO  o.e.m.c.i.embedder.EclipseLogger - Copying 0 resource
2023-03-23 14:28:23,683 [Worker-21: Building] WARN  o.e.m.c.i.embedder.EclipseLogger - Using platform encoding (UTF-8 actually) to copy filtered resources, i.e. build is platform dependent!
2023-03-23 14:28:23,686 [Worker-21: Building] INFO  o.e.m.c.i.embedder.EclipseLogger - Copying 1 resource
2023-03-23 14:28:31,644 [Worker-21: Building] WARN  o.e.m.c.i.embedder.EclipseLogger - Using platform encoding (UTF-8 actually) to copy filtered resources, i.e. build is platform dependent!
2023-03-23 14:28:31,646 [Worker-21: Building] INFO  o.e.m.c.i.embedder.EclipseLogger - Copying 0 resource
2023-03-23 14:28:31,651 [Worker-21: Building] WARN  o.e.m.c.i.embedder.EclipseLogger - Using platform encoding (UTF-8 actually) to copy filtered resources, i.e. build is platform dependent!
2023-03-23 14:28:31,654 [Worker-21: Building] INFO  o.e.m.c.i.embedder.EclipseLogger - Copying 1 resource
2023-03-23 14:30:38,764 [Worker-21: Updating Maven Project] INFO  o.e.m.c.i.p.ProjectConfigurationManager - Update started
2023-03-23 14:30:40,757 [Worker-21: Updating Maven Project] INFO  o.e.m.c.i.l.LifecycleMappingFactory - Using org.eclipse.m2e.jdt.JarLifecycleMapping lifecycle mapping for MavenProject: com.search:seach.com:0.0.1-SNAPSHOT @ C:\Users\gobar\OneDrive\Desktop\Cucumber_Projects\seach.com\pom.xml.
2023-03-23 14:30:41,162 [Worker-21: Updating Maven Project] INFO  o.e.m.j.i.AbstractJavaProjectConfigurator - Adding source folder /seach.com/src/main/java
2023-03-23 14:30:41,163 [Worker-21: Updating Maven Project] INFO  o.e.m.j.i.AbstractJavaProjectConfigurator - Adding resource folder /seach.com/src/main/resources
2023-03-23 14:30:41,164 [Worker-21: Updating Maven Project] INFO  o.e.m.j.i.AbstractJavaProjectConfigurator - Adding source folder /seach.com/src/test/java
2023-03-23 14:30:41,165 [Worker-21: Updating Maven Project] INFO  o.e.m.j.i.AbstractJavaProjectConfigurator - Adding resource folder /seach.com/src/test/resources
2023-03-23 14:30:41,568 [Worker-21: Updating Maven Project] INFO  o.e.m.c.i.p.ProjectConfigurationManager - Update completed for 1 poms: local refresh takes 0.00 sec, refresh facades takes 2.00 sec, update config takes 0.00 sec 
2023-03-23 14:30:41,938 [Worker-21: Building] WARN  o.e.m.c.i.embedder.EclipseLogger - Using platform encoding (UTF-8 actually) to copy filtered resources, i.e. build is platform dependent!
2023-03-23 14:30:41,941 [Worker-21: Building] INFO  o.e.m.c.i.embedder.EclipseLogger - Copying 0 resource
2023-03-23 14:30:41,947 [Worker-21: Building] WARN  o.e.m.c.i.embedder.EclipseLogger - Using platform encoding (UTF-8 actually) to copy filtered resources, i.e. build is platform dependent!
2023-03-23 14:30:41,949 [Worker-21: Building] INFO  o.e.m.c.i.embedder.EclipseLogger - Copying 1 resource
2023-03-23 14:30:48,516 [Worker-24: Building] WARN  o.e.m.c.i.embedder.EclipseLogger - Using platform encoding (UTF-8 actually) to copy filtered resources, i.e. build is platform dependent!
2023-03-23 14:30:48,521 [Worker-24: Building] INFO  o.e.m.c.i.embedder.EclipseLogger - Copying 0 resource
2023-03-23 14:30:48,526 [Worker-24: Building] WARN  o.e.m.c.i.embedder.EclipseLogger - Using platform encoding (UTF-8 actually) to copy filtered resources, i.e. build is platform dependent!
2023-03-23 14:30:48,529 [Worker-24: Building] INFO  o.e.m.c.i.embedder.EclipseLogger - Copying 1 resource
2023-03-23 14:30:53,101 [main] INFO  o.e.m2e.actions.ExecutePomAction - Creating new launch configuration
2023-03-23 14:30:55,418 [Worker-24: Launching seach.com] INFO  o.eclipse.m2e.core.internal.Bundles - getClasspathEntries(Bundle=org.eclipse.m2e.maven.runtime_3.8.701.20230209-1606 [470])
2023-03-23 14:30:55,438 [Worker-24: Launching seach.com] INFO  o.eclipse.m2e.core.internal.Bundles - 	Entry: C:\Users\gobar\.p2\pool\plugins\org.eclipse.m2e.maven.runtime_3.8.701.20230209-1606
2023-03-23 14:30:55,439 [Worker-24: Launching seach.com] INFO  o.eclipse.m2e.core.internal.Bundles - 	Entry: C:\Users\gobar\.p2\pool\plugins\org.eclipse.m2e.maven.runtime_3.8.701.20230209-1606\jars\aether-connector-okhttp-0.17.8.jar
2023-03-23 14:30:55,440 [Worker-24: Launching seach.com] INFO  o.eclipse.m2e.core.internal.Bundles - 	Entry: C:\Users\gobar\.p2\pool\plugins\org.eclipse.m2e.maven.runtime_3.8.701.20230209-1606\jars\commons-lang3-3.8.1.jar
2023-03-23 14:30:55,441 [Worker-24: Launching seach.com] INFO  o.eclipse.m2e.core.internal.Bundles - 	Entry: C:\Users\gobar\.p2\pool\plugins\org.eclipse.m2e.maven.runtime_3.8.701.20230209-1606\jars\guice-4.2.2-no_aop.jar
2023-03-23 14:30:55,442 [Worker-24: Launching seach.com] INFO  o.eclipse.m2e.core.internal.Bundles - 	Entry: C:\Users\gobar\.p2\pool\plugins\org.eclipse.m2e.maven.runtime_3.8.701.20230209-1606\jars\jansi-2.4.0.jar
2023-03-23 14:30:55,443 [Worker-24: Launching seach.com] INFO  o.eclipse.m2e.core.internal.Bundles - 	Entry: C:\Users\gobar\.p2\pool\plugins\org.eclipse.m2e.maven.runtime_3.8.701.20230209-1606\jars\maven-artifact-3.8.7.jar
2023-03-23 14:30:55,443 [Worker-24: Launching seach.com] INFO  o.eclipse.m2e.core.internal.Bundles - 	Entry: C:\Users\gobar\.p2\pool\plugins\org.eclipse.m2e.maven.runtime_3.8.701.20230209-1606\jars\maven-builder-support-3.8.7.jar
2023-03-23 14:30:55,444 [Worker-24: Launching seach.com] INFO  o.eclipse.m2e.core.internal.Bundles - 	Entry: C:\Users\gobar\.p2\pool\plugins\org.eclipse.m2e.maven.runtime_3.8.701.20230209-1606\jars\maven-compat-3.8.7.jar
2023-03-23 14:30:55,444 [Worker-24: Launching seach.com] INFO  o.eclipse.m2e.core.internal.Bundles - 	Entry: C:\Users\gobar\.p2\pool\plugins\org.eclipse.m2e.maven.runtime_3.8.701.20230209-1606\jars\maven-core-3.8.7.jar
2023-03-23 14:30:55,444 [Worker-24: Launching seach.com] INFO  o.eclipse.m2e.core.internal.Bundles - 	Entry: C:\Users\gobar\.p2\pool\plugins\org.eclipse.m2e.maven.runtime_3.8.701.20230209-1606\jars\maven-embedder-3.8.7.jar
2023-03-23 14:30:55,445 [Worker-24: Launching seach.com] INFO  o.eclipse.m2e.core.internal.Bundles - 	Entry: C:\Users\gobar\.p2\pool\plugins\org.eclipse.m2e.maven.runtime_3.8.701.20230209-1606\jars\maven-model-3.8.7.jar
2023-03-23 14:30:55,445 [Worker-24: Launching seach.com] INFO  o.eclipse.m2e.core.internal.Bundles - 	Entry: C:\Users\gobar\.p2\pool\plugins\org.eclipse.m2e.maven.runtime_3.8.701.20230209-1606\jars\maven-model-builder-3.8.7.jar
2023-03-23 14:30:55,445 [Worker-24: Launching seach.com] INFO  o.eclipse.m2e.core.internal.Bundles - 	Entry: C:\Users\gobar\.p2\pool\plugins\org.eclipse.m2e.maven.runtime_3.8.701.20230209-1606\jars\maven-plugin-api-3.8.7.jar
2023-03-23 14:30:55,446 [Worker-24: Launching seach.com] INFO  o.eclipse.m2e.core.internal.Bundles - 	Entry: C:\Users\gobar\.p2\pool\plugins\org.eclipse.m2e.maven.runtime_3.8.701.20230209-1606\jars\maven-repository-metadata-3.8.7.jar
2023-03-23 14:30:55,446 [Worker-24: Launching seach.com] INFO  o.eclipse.m2e.core.internal.Bundles - 	Entry: C:\Users\gobar\.p2\pool\plugins\org.eclipse.m2e.maven.runtime_3.8.701.20230209-1606\jars\maven-resolver-api-1.6.3.jar
2023-03-23 14:30:55,446 [Worker-24: Launching seach.com] INFO  o.eclipse.m2e.core.internal.Bundles - 	Entry: C:\Users\gobar\.p2\pool\plugins\org.eclipse.m2e.maven.runtime_3.8.701.20230209-1606\jars\maven-resolver-connector-basic-1.6.3.jar
2023-03-23 14:30:55,447 [Worker-24: Launching seach.com] INFO  o.eclipse.m2e.core.internal.Bundles - 	Entry: C:\Users\gobar\.p2\pool\plugins\org.eclipse.m2e.maven.runtime_3.8.701.20230209-1606\jars\maven-resolver-impl-1.6.3.jar
2023-03-23 14:30:55,447 [Worker-24: Launching seach.com] INFO  o.eclipse.m2e.core.internal.Bundles - 	Entry: C:\Users\gobar\.p2\pool\plugins\org.eclipse.m2e.maven.runtime_3.8.701.20230209-1606\jars\maven-resolver-provider-3.8.7.jar
2023-03-23 14:30:55,447 [Worker-24: Launching seach.com] INFO  o.eclipse.m2e.core.internal.Bundles - 	Entry: C:\Users\gobar\.p2\pool\plugins\org.eclipse.m2e.maven.runtime_3.8.701.20230209-1606\jars\maven-resolver-spi-1.6.3.jar
2023-03-23 14:30:55,448 [Worker-24: Launching seach.com] INFO  o.eclipse.m2e.core.internal.Bundles - 	Entry: C:\Users\gobar\.p2\pool\plugins\org.eclipse.m2e.maven.runtime_3.8.701.20230209-1606\jars\maven-resolver-transport-wagon-1.6.3.jar
2023-03-23 14:30:55,448 [Worker-24: Launching seach.com] INFO  o.eclipse.m2e.core.internal.Bundles - 	Entry: C:\Users\gobar\.p2\pool\plugins\org.eclipse.m2e.maven.runtime_3.8.701.20230209-1606\jars\maven-resolver-util-1.6.3.jar
2023-03-23 14:30:55,448 [Worker-24: Launching seach.com] INFO  o.eclipse.m2e.core.internal.Bundles - 	Entry: C:\Users\gobar\.p2\pool\plugins\org.eclipse.m2e.maven.runtime_3.8.701.20230209-1606\jars\maven-settings-3.8.7.jar
2023-03-23 14:30:55,449 [Worker-24: Launching seach.com] INFO  o.eclipse.m2e.core.internal.Bundles - 	Entry: C:\Users\gobar\.p2\pool\plugins\org.eclipse.m2e.maven.runtime_3.8.701.20230209-1606\jars\maven-settings-builder-3.8.7.jar
2023-03-23 14:30:55,449 [Worker-24: Launching seach.com] INFO  o.eclipse.m2e.core.internal.Bundles - 	Entry: C:\Users\gobar\.p2\pool\plugins\org.eclipse.m2e.maven.runtime_3.8.701.20230209-1606\jars\maven-shared-utils-3.3.4.jar
2023-03-23 14:30:55,449 [Worker-24: Launching seach.com] INFO  o.eclipse.m2e.core.internal.Bundles - 	Entry: C:\Users\gobar\.p2\pool\plugins\org.eclipse.m2e.maven.runtime_3.8.701.20230209-1606\jars\okhttp-3.14.1.jar
2023-03-23 14:30:55,450 [Worker-24: Launching seach.com] INFO  o.eclipse.m2e.core.internal.Bundles - 	Entry: C:\Users\gobar\.p2\pool\plugins\org.eclipse.m2e.maven.runtime_3.8.701.20230209-1606\jars\okio-1.17.3.jar
2023-03-23 14:30:55,450 [Worker-24: Launching seach.com] INFO  o.eclipse.m2e.core.internal.Bundles - 	Entry: C:\Users\gobar\.p2\pool\plugins\org.eclipse.m2e.maven.runtime_3.8.701.20230209-1606\jars\org.eclipse.sisu.inject-0.3.5.jar
2023-03-23 14:30:55,451 [Worker-24: Launching seach.com] INFO  o.eclipse.m2e.core.internal.Bundles - 	Entry: C:\Users\gobar\.p2\pool\plugins\org.eclipse.m2e.maven.runtime_3.8.701.20230209-1606\jars\org.eclipse.sisu.plexus-0.3.5.jar
2023-03-23 14:30:55,451 [Worker-24: Launching seach.com] INFO  o.eclipse.m2e.core.internal.Bundles - 	Entry: C:\Users\gobar\.p2\pool\plugins\org.eclipse.m2e.maven.runtime_3.8.701.20230209-1606\jars\plexus-build-api-0.0.7.jar
2023-03-23 14:30:55,452 [Worker-24: Launching seach.com] INFO  o.eclipse.m2e.core.internal.Bundles - 	Entry: C:\Users\gobar\.p2\pool\plugins\org.eclipse.m2e.maven.runtime_3.8.701.20230209-1606\jars\plexus-cipher-2.0.jar
2023-03-23 14:30:55,452 [Worker-24: Launching seach.com] INFO  o.eclipse.m2e.core.internal.Bundles - 	Entry: C:\Users\gobar\.p2\pool\plugins\org.eclipse.m2e.maven.runtime_3.8.701.20230209-1606\jars\plexus-classworlds-2.6.0.jar
2023-03-23 14:30:55,452 [Worker-24: Launching seach.com] INFO  o.eclipse.m2e.core.internal.Bundles - 	Entry: C:\Users\gobar\.p2\pool\plugins\org.eclipse.m2e.maven.runtime_3.8.701.20230209-1606\jars\plexus-component-annotations-2.1.0.jar
2023-03-23 14:30:55,453 [Worker-24: Launching seach.com] INFO  o.eclipse.m2e.core.internal.Bundles - 	Entry: C:\Users\gobar\.p2\pool\plugins\org.eclipse.m2e.maven.runtime_3.8.701.20230209-1606\jars\plexus-interpolation-1.26.jar
2023-03-23 14:30:55,453 [Worker-24: Launching seach.com] INFO  o.eclipse.m2e.core.internal.Bundles - 	Entry: C:\Users\gobar\.p2\pool\plugins\org.eclipse.m2e.maven.runtime_3.8.701.20230209-1606\jars\plexus-sec-dispatcher-2.0.jar
2023-03-23 14:30:55,454 [Worker-24: Launching seach.com] INFO  o.eclipse.m2e.core.internal.Bundles - 	Entry: C:\Users\gobar\.p2\pool\plugins\org.eclipse.m2e.maven.runtime_3.8.701.20230209-1606\jars\plexus-utils-3.3.1.jar
2023-03-23 14:30:55,454 [Worker-24: Launching seach.com] INFO  o.eclipse.m2e.core.internal.Bundles - 	Entry: C:\Users\gobar\.p2\pool\plugins\org.eclipse.m2e.maven.runtime_3.8.701.20230209-1606\jars\wagon-file-3.5.3.jar
2023-03-23 14:30:55,454 [Worker-24: Launching seach.com] INFO  o.eclipse.m2e.core.internal.Bundles - 	Entry: C:\Users\gobar\.p2\pool\plugins\org.eclipse.m2e.maven.runtime_3.8.701.20230209-1606\jars\wagon-provider-api-3.5.3.jar
2023-03-23 14:30:55,457 [Worker-24: Launching seach.com] INFO  o.eclipse.m2e.core.internal.Bundles - getClasspathEntries(Bundle=com.google.guava_31.1.0.jre [448])
2023-03-23 14:30:55,459 [Worker-24: Launching seach.com] INFO  o.eclipse.m2e.core.internal.Bundles - 	Entry: C:\Users\gobar\.p2\pool\plugins\com.google.guava_31.1.0.jre.jar
2023-03-23 14:30:55,459 [Worker-24: Launching seach.com] INFO  o.eclipse.m2e.core.internal.Bundles - getClasspathEntries(Bundle=slf4j.api_1.7.36 [431])
2023-03-23 14:30:55,715 [Worker-24: Launching seach.com] INFO  o.eclipse.m2e.core.internal.Bundles - 	Entry: C:\Users\gobar\.p2\pool\plugins\slf4j.api_1.7.36.jar
2023-03-23 14:30:55,715 [Worker-24: Launching seach.com] INFO  o.eclipse.m2e.core.internal.Bundles - getClasspathEntries(Bundle=javax.inject_1.0.0.v20220405-0441 [18])
2023-03-23 14:30:55,881 [Worker-24: Launching seach.com] INFO  o.eclipse.m2e.core.internal.Bundles - 	Entry: C:\Users\gobar\.p2\pool\plugins\javax.inject_1.0.0.v20220405-0441.jar
2023-03-23 14:30:55,881 [Worker-24: Launching seach.com] INFO  o.eclipse.m2e.core.internal.Bundles - getClasspathEntries(Bundle=javax.annotation_1.3.5.v20221112-0806 [16])
2023-03-23 14:30:56,112 [Worker-24: Launching seach.com] INFO  o.eclipse.m2e.core.internal.Bundles - 	Entry: C:\Users\gobar\.p2\pool\plugins\javax.annotation_1.3.5.v20221112-0806.jar
2023-03-23 14:30:56,113 [Worker-24: Launching seach.com] INFO  o.eclipse.m2e.core.internal.Bundles - getClasspathEntries(Bundle=org.apache.commons.cli_1.4.0.v20221112-0806 [450])
2023-03-23 14:30:56,115 [Worker-24: Launching seach.com] INFO  o.eclipse.m2e.core.internal.Bundles - 	Entry: C:\Users\gobar\.p2\pool\plugins\org.apache.commons.cli_1.4.0.v20221112-0806.jar
2023-03-23 14:30:56,115 [Worker-24: Launching seach.com] INFO  o.eclipse.m2e.core.internal.Bundles - getClasspathEntries(Bundle=com.google.guava.failureaccess_1.0.1 [449])
2023-03-23 14:30:56,195 [Worker-24: Launching seach.com] INFO  o.eclipse.m2e.core.internal.Bundles - 	Entry: C:\Users\gobar\.p2\pool\plugins\com.google.guava.failureaccess_1.0.1.jar
2023-03-23 14:30:56,200 [Worker-24: Launching seach.com] INFO  o.e.m.i.launch.MavenLaunchDelegate - Run build in "C:\Users\gobar\OneDrive\Desktop\Cucumber_Projects\seach.com":
2023-03-23 14:30:56,200 [Worker-24: Launching seach.com] INFO  o.e.m.i.launch.MavenLaunchDelegate -  mvn  -B -Dstyle.color=always 
2023-03-23 14:31:21,688 [Worker-21: Launching Executing clean in C__Users_gobar_OneDrive_Desktop_Cucumber_Projects_seach.com] INFO  o.e.m.i.launch.MavenLaunchDelegate - Run build in "C:\Users\gobar\OneDrive\Desktop\Cucumber_Projects\seach.com":
2023-03-23 14:31:21,689 [Worker-21: Launching Executing clean in C__Users_gobar_OneDrive_Desktop_Cucumber_Projects_seach.com] INFO  o.e.m.i.launch.MavenLaunchDelegate -  mvn  -B -Dstyle.color=always clean
2023-03-23 14:31:35,500 [Worker-26: Launching Executing install in C__Users_gobar_OneDrive_Desktop_Cucumber_Projects_seach.com] INFO  o.e.m.i.launch.MavenLaunchDelegate - Run build in "C:\Users\gobar\OneDrive\Desktop\Cucumber_Projects\seach.com":
2023-03-23 14:31:35,501 [Worker-26: Launching Executing install in C__Users_gobar_OneDrive_Desktop_Cucumber_Projects_seach.com] INFO  o.e.m.i.launch.MavenLaunchDelegate -  mvn  -B -Dstyle.color=always install
2023-03-23 14:32:53,616 [Worker-21: Launching Executing test in C__Users_gobar_OneDrive_Desktop_Cucumber_Projects_seach.com] INFO  o.e.m.i.launch.MavenLaunchDelegate - Run build in "C:\Users\gobar\OneDrive\Desktop\Cucumber_Projects\seach.com":
2023-03-23 14:32:53,616 [Worker-21: Launching Executing test in C__Users_gobar_OneDrive_Desktop_Cucumber_Projects_seach.com] INFO  o.e.m.i.launch.MavenLaunchDelegate -  mvn  -B -Dstyle.color=always test
2023-03-23 14:33:26,647 [Worker-21: Building] WARN  o.e.m.c.i.embedder.EclipseLogger - Using platform encoding (UTF-8 actually) to copy filtered resources, i.e. build is platform dependent!
2023-03-23 14:33:26,649 [Worker-21: Building] INFO  o.e.m.c.i.embedder.EclipseLogger - Copying 0 resource
2023-03-23 14:33:26,652 [Worker-21: Building] WARN  o.e.m.c.i.embedder.EclipseLogger - Using platform encoding (UTF-8 actually) to copy filtered resources, i.e. build is platform dependent!
2023-03-23 14:33:26,658 [Worker-21: Building] INFO  o.e.m.c.i.embedder.EclipseLogger - Copying 1 resource
2023-03-23 14:33:30,800 [Worker-29: Launching Executing test in C__Users_gobar_OneDrive_Desktop_Cucumber_Projects_seach.com] INFO  o.e.m.i.launch.MavenLaunchDelegate - Run build in "C:\Users\gobar\OneDrive\Desktop\Cucumber_Projects\seach.com":
2023-03-23 14:33:30,800 [Worker-29: Launching Executing test in C__Users_gobar_OneDrive_Desktop_Cucumber_Projects_seach.com] INFO  o.e.m.i.launch.MavenLaunchDelegate -  mvn  -B -Dstyle.color=always test
2023-03-23 14:35:46,346 [Worker-21: Building] INFO  o.e.m.c.i.l.LifecycleMappingFactory - Using org.eclipse.m2e.jdt.JarLifecycleMapping lifecycle mapping for MavenProject: com.search:seach.com:0.0.1-SNAPSHOT @ C:\Users\gobar\OneDrive\Desktop\Cucumber_Projects\seach.com\pom.xml.
2023-03-23 14:35:51,533 [Worker-21: Building] WARN  o.e.m.c.i.embedder.EclipseLogger - Using platform encoding (UTF-8 actually) to copy filtered resources, i.e. build is platform dependent!
2023-03-23 14:35:51,538 [Worker-21: Building] INFO  o.e.m.c.i.embedder.EclipseLogger - Copying 0 resource
2023-03-23 14:35:51,543 [Worker-21: Building] WARN  o.e.m.c.i.embedder.EclipseLogger - Using platform encoding (UTF-8 actually) to copy filtered resources, i.e. build is platform dependent!
2023-03-23 14:35:51,545 [Worker-21: Building] INFO  o.e.m.c.i.embedder.EclipseLogger - Copying 0 resource
2023-03-23 14:36:54,551 [Worker-30: Building] WARN  o.e.m.c.i.embedder.EclipseLogger - Using platform encoding (UTF-8 actually) to copy filtered resources, i.e. build is platform dependent!
2023-03-23 14:36:54,553 [Worker-30: Building] INFO  o.e.m.c.i.embedder.EclipseLogger - Copying 0 resource
2023-03-23 14:36:54,557 [Worker-30: Building] WARN  o.e.m.c.i.embedder.EclipseLogger - Using platform encoding (UTF-8 actually) to copy filtered resources, i.e. build is platform dependent!
2023-03-23 14:36:54,560 [Worker-30: Building] INFO  o.e.m.c.i.embedder.EclipseLogger - Copying 1 resource
2023-03-23 14:37:10,205 [Worker-21: Launching Runner] WARN  o.e.m.c.i.embedder.EclipseLogger - Using platform encoding (UTF-8 actually) to copy filtered resources, i.e. build is platform dependent!
2023-03-23 14:37:10,207 [Worker-21: Launching Runner] INFO  o.e.m.c.i.embedder.EclipseLogger - Copying 0 resource
2023-03-23 14:37:10,210 [Worker-21: Launching Runner] WARN  o.e.m.c.i.embedder.EclipseLogger - Using platform encoding (UTF-8 actually) to copy filtered resources, i.e. build is platform dependent!
2023-03-23 14:37:10,213 [Worker-21: Launching Runner] INFO  o.e.m.c.i.embedder.EclipseLogger - Copying 1 resource
2023-03-23 14:37:31,196 [Worker-15: Building] WARN  o.e.m.c.i.embedder.EclipseLogger - Using platform encoding (UTF-8 actually) to copy filtered resources, i.e. build is platform dependent!
2023-03-23 14:37:31,198 [Worker-15: Building] INFO  o.e.m.c.i.embedder.EclipseLogger - Copying 0 resource
2023-03-23 14:37:31,203 [Worker-15: Building] WARN  o.e.m.c.i.embedder.EclipseLogger - Using platform encoding (UTF-8 actually) to copy filtered resources, i.e. build is platform dependent!
2023-03-23 14:37:31,206 [Worker-15: Building] INFO  o.e.m.c.i.embedder.EclipseLogger - Copying 1 resource
2023-03-23 14:38:46,196 [Worker-30: Launching Runner] WARN  o.e.m.c.i.embedder.EclipseLogger - Using platform encoding (UTF-8 actually) to copy filtered resources, i.e. build is platform dependent!
2023-03-23 14:38:46,198 [Worker-30: Launching Runner] INFO  o.e.m.c.i.embedder.EclipseLogger - Copying 0 resource
2023-03-23 14:38:46,203 [Worker-30: Launching Runner] WARN  o.e.m.c.i.embedder.EclipseLogger - Using platform encoding (UTF-8 actually) to copy filtered resources, i.e. build is platform dependent!
2023-03-23 14:38:46,206 [Worker-30: Launching Runner] INFO  o.e.m.c.i.embedder.EclipseLogger - Copying 1 resource
2023-03-23 14:41:03,550 [Worker-15: Building] WARN  o.e.m.c.i.embedder.EclipseLogger - Using platform encoding (UTF-8 actually) to copy filtered resources, i.e. build is platform dependent!
2023-03-23 14:41:03,551 [Worker-15: Building] INFO  o.e.m.c.i.embedder.EclipseLogger - Copying 0 resource
2023-03-23 14:41:03,555 [Worker-15: Building] WARN  o.e.m.c.i.embedder.EclipseLogger - Using platform encoding (UTF-8 actually) to copy filtered resources, i.e. build is platform dependent!
2023-03-23 14:41:03,556 [Worker-15: Building] INFO  o.e.m.c.i.embedder.EclipseLogger - Copying 1 resource
2023-03-23 14:41:28,496 [Worker-29: Building] WARN  o.e.m.c.i.embedder.EclipseLogger - Using platform encoding (UTF-8 actually) to copy filtered resources, i.e. build is platform dependent!
2023-03-23 14:41:28,498 [Worker-29: Building] INFO  o.e.m.c.i.embedder.EclipseLogger - Copying 0 resource
2023-03-23 14:41:28,501 [Worker-29: Building] WARN  o.e.m.c.i.embedder.EclipseLogger - Using platform encoding (UTF-8 actually) to copy filtered resources, i.e. build is platform dependent!
2023-03-23 14:41:28,504 [Worker-29: Building] INFO  o.e.m.c.i.embedder.EclipseLogger - Copying 1 resource
2023-03-23 14:41:50,519 [Worker-31: Launching Runner] WARN  o.e.m.c.i.embedder.EclipseLogger - Using platform encoding (UTF-8 actually) to copy filtered resources, i.e. build is platform dependent!
2023-03-23 14:41:50,521 [Worker-31: Launching Runner] INFO  o.e.m.c.i.embedder.EclipseLogger - Copying 0 resource
2023-03-23 14:41:50,527 [Worker-31: Launching Runner] WARN  o.e.m.c.i.embedder.EclipseLogger - Using platform encoding (UTF-8 actually) to copy filtered resources, i.e. build is platform dependent!
2023-03-23 14:41:50,529 [Worker-31: Launching Runner] INFO  o.e.m.c.i.embedder.EclipseLogger - Copying 1 resource
2023-03-23 14:42:55,622 [Worker-31: Launching search.feature] WARN  o.e.m.c.i.embedder.EclipseLogger - Using platform encoding (UTF-8 actually) to copy filtered resources, i.e. build is platform dependent!
2023-03-23 14:42:55,625 [Worker-31: Launching search.feature] INFO  o.e.m.c.i.embedder.EclipseLogger - Copying 0 resource
2023-03-23 14:42:55,629 [Worker-31: Launching search.feature] WARN  o.e.m.c.i.embedder.EclipseLogger - Using platform encoding (UTF-8 actually) to copy filtered resources, i.e. build is platform dependent!
2023-03-23 14:42:55,632 [Worker-31: Launching search.feature] INFO  o.e.m.c.i.embedder.EclipseLogger - Copying 1 resource
2023-03-23 14:43:35,632 [Worker-21: Building] WARN  o.e.m.c.i.embedder.EclipseLogger - Using platform encoding (UTF-8 actually) to copy filtered resources, i.e. build is platform dependent!
2023-03-23 14:43:35,634 [Worker-21: Building] INFO  o.e.m.c.i.embedder.EclipseLogger - Copying 0 resource
2023-03-23 14:43:35,637 [Worker-21: Building] WARN  o.e.m.c.i.embedder.EclipseLogger - Using platform encoding (UTF-8 actually) to copy filtered resources, i.e. build is platform dependent!
2023-03-23 14:43:35,640 [Worker-21: Building] INFO  o.e.m.c.i.embedder.EclipseLogger - Copying 1 resource
2023-03-23 14:43:56,590 [Worker-15: Building] WARN  o.e.m.c.i.embedder.EclipseLogger - Using platform encoding (UTF-8 actually) to copy filtered resources, i.e. build is platform dependent!
2023-03-23 14:43:56,592 [Worker-15: Building] INFO  o.e.m.c.i.embedder.EclipseLogger - Copying 0 resource
2023-03-23 14:43:56,595 [Worker-15: Building] WARN  o.e.m.c.i.embedder.EclipseLogger - Using platform encoding (UTF-8 actually) to copy filtered resources, i.e. build is platform dependent!
2023-03-23 14:43:56,599 [Worker-15: Building] INFO  o.e.m.c.i.embedder.EclipseLogger - Copying 1 resource
2023-03-23 14:44:15,381 [Worker-30: Updating Maven Project] INFO  o.e.m.c.i.p.ProjectConfigurationManager - Update started
2023-03-23 14:44:15,730 [Worker-30: Updating Maven Project] INFO  o.e.m.c.i.l.LifecycleMappingFactory - Using org.eclipse.m2e.jdt.JarLifecycleMapping lifecycle mapping for MavenProject: com.search:seach.com:0.0.1-SNAPSHOT @ C:\Users\gobar\OneDrive\Desktop\Cucumber_Projects\seach.com\pom.xml.
2023-03-23 14:44:16,241 [Worker-30: Updating Maven Project] INFO  o.e.m.j.i.AbstractJavaProjectConfigurator - Adding source folder /seach.com/src/main/java
2023-03-23 14:44:16,242 [Worker-30: Updating Maven Project] INFO  o.e.m.j.i.AbstractJavaProjectConfigurator - Adding resource folder /seach.com/src/main/resources
2023-03-23 14:44:16,243 [Worker-30: Updating Maven Project] INFO  o.e.m.j.i.AbstractJavaProjectConfigurator - Adding source folder /seach.com/src/test/java
2023-03-23 14:44:16,244 [Worker-30: Updating Maven Project] INFO  o.e.m.j.i.AbstractJavaProjectConfigurator - Adding resource folder /seach.com/src/test/resources
2023-03-23 14:44:16,679 [Worker-30: Updating Maven Project] INFO  o.e.m.c.i.p.ProjectConfigurationManager - Update completed for 1 poms: local refresh takes 0.00 sec, refresh facades takes 0.00 sec, update config takes 0.00 sec 
2023-03-23 14:44:16,862 [Worker-30: Building] WARN  o.e.m.c.i.embedder.EclipseLogger - Using platform encoding (UTF-8 actually) to copy filtered resources, i.e. build is platform dependent!
2023-03-23 14:44:16,864 [Worker-30: Building] INFO  o.e.m.c.i.embedder.EclipseLogger - Copying 0 resource
2023-03-23 14:44:16,870 [Worker-30: Building] WARN  o.e.m.c.i.embedder.EclipseLogger - Using platform encoding (UTF-8 actually) to copy filtered resources, i.e. build is platform dependent!
2023-03-23 14:44:16,872 [Worker-30: Building] INFO  o.e.m.c.i.embedder.EclipseLogger - Copying 1 resource
2023-03-23 14:44:45,619 [Worker-21: Building] WARN  o.e.m.c.i.embedder.EclipseLogger - Using platform encoding (UTF-8 actually) to copy filtered resources, i.e. build is platform dependent!
2023-03-23 14:44:45,625 [Worker-21: Building] INFO  o.e.m.c.i.embedder.EclipseLogger - Copying 0 resource
2023-03-23 14:44:45,629 [Worker-21: Building] WARN  o.e.m.c.i.embedder.EclipseLogger - Using platform encoding (UTF-8 actually) to copy filtered resources, i.e. build is platform dependent!
2023-03-23 14:44:45,631 [Worker-21: Building] INFO  o.e.m.c.i.embedder.EclipseLogger - Copying 0 resource
2023-03-23 14:44:52,933 [Worker-15: Building] WARN  o.e.m.c.i.embedder.EclipseLogger - Using platform encoding (UTF-8 actually) to copy filtered resources, i.e. build is platform dependent!
2023-03-23 14:44:52,935 [Worker-15: Building] INFO  o.e.m.c.i.embedder.EclipseLogger - Copying 0 resource
2023-03-23 14:44:52,940 [Worker-15: Building] WARN  o.e.m.c.i.embedder.EclipseLogger - Using platform encoding (UTF-8 actually) to copy filtered resources, i.e. build is platform dependent!
2023-03-23 14:44:52,943 [Worker-15: Building] INFO  o.e.m.c.i.embedder.EclipseLogger - Copying 1 resource
2023-03-23 14:45:41,474 [Worker-0: Loading available Gradle versions] INFO  o.e.b.c.i.u.g.PublishedGradleVersions - Gradle version information cache is up-to-date. Trying to read.
2023-03-23 14:46:20,441 [Worker-4: Launching search.feature] WARN  o.e.m.c.i.embedder.EclipseLogger - Using platform encoding (UTF-8 actually) to copy filtered resources, i.e. build is platform dependent!
2023-03-23 14:46:20,452 [Worker-4: Launching search.feature] INFO  o.e.m.c.i.embedder.EclipseLogger - Copying 0 resource
2023-03-23 14:46:20,462 [Worker-4: Launching search.feature] WARN  o.e.m.c.i.embedder.EclipseLogger - Using platform encoding (UTF-8 actually) to copy filtered resources, i.e. build is platform dependent!
2023-03-23 14:46:20,465 [Worker-4: Launching search.feature] INFO  o.e.m.c.i.embedder.EclipseLogger - Copying 1 resource
2023-03-23 14:46:36,556 [Worker-5: Launching Executing clean in C__Users_gobar_OneDrive_Desktop_Cucumber_Projects_seach.com] INFO  o.eclipse.m2e.core.internal.Bundles - getClasspathEntries(Bundle=org.eclipse.m2e.maven.runtime_3.8.701.20230209-1606 [470])
2023-03-23 14:46:36,562 [Worker-5: Launching Executing clean in C__Users_gobar_OneDrive_Desktop_Cucumber_Projects_seach.com] INFO  o.eclipse.m2e.core.internal.Bundles - 	Entry: C:\Users\gobar\.p2\pool\plugins\org.eclipse.m2e.maven.runtime_3.8.701.20230209-1606
2023-03-23 14:46:36,564 [Worker-5: Launching Executing clean in C__Users_gobar_OneDrive_Desktop_Cucumber_Projects_seach.com] INFO  o.eclipse.m2e.core.internal.Bundles - 	Entry: C:\Users\gobar\.p2\pool\plugins\org.eclipse.m2e.maven.runtime_3.8.701.20230209-1606\jars\aether-connector-okhttp-0.17.8.jar
2023-03-23 14:46:36,564 [Worker-5: Launching Executing clean in C__Users_gobar_OneDrive_Desktop_Cucumber_Projects_seach.com] INFO  o.eclipse.m2e.core.internal.Bundles - 	Entry: C:\Users\gobar\.p2\pool\plugins\org.eclipse.m2e.maven.runtime_3.8.701.20230209-1606\jars\commons-lang3-3.8.1.jar
2023-03-23 14:46:36,565 [Worker-5: Launching Executing clean in C__Users_gobar_OneDrive_Desktop_Cucumber_Projects_seach.com] INFO  o.eclipse.m2e.core.internal.Bundles - 	Entry: C:\Users\gobar\.p2\pool\plugins\org.eclipse.m2e.maven.runtime_3.8.701.20230209-1606\jars\guice-4.2.2-no_aop.jar
2023-03-23 14:46:36,565 [Worker-5: Launching Executing clean in C__Users_gobar_OneDrive_Desktop_Cucumber_Projects_seach.com] INFO  o.eclipse.m2e.core.internal.Bundles - 	Entry: C:\Users\gobar\.p2\pool\plugins\org.eclipse.m2e.maven.runtime_3.8.701.20230209-1606\jars\jansi-2.4.0.jar
2023-03-23 14:46:36,566 [Worker-5: Launching Executing clean in C__Users_gobar_OneDrive_Desktop_Cucumber_Projects_seach.com] INFO  o.eclipse.m2e.core.internal.Bundles - 	Entry: C:\Users\gobar\.p2\pool\plugins\org.eclipse.m2e.maven.runtime_3.8.701.20230209-1606\jars\maven-artifact-3.8.7.jar
2023-03-23 14:46:36,567 [Worker-5: Launching Executing clean in C__Users_gobar_OneDrive_Desktop_Cucumber_Projects_seach.com] INFO  o.eclipse.m2e.core.internal.Bundles - 	Entry: C:\Users\gobar\.p2\pool\plugins\org.eclipse.m2e.maven.runtime_3.8.701.20230209-1606\jars\maven-builder-support-3.8.7.jar
2023-03-23 14:46:36,567 [Worker-5: Launching Executing clean in C__Users_gobar_OneDrive_Desktop_Cucumber_Projects_seach.com] INFO  o.eclipse.m2e.core.internal.Bundles - 	Entry: C:\Users\gobar\.p2\pool\plugins\org.eclipse.m2e.maven.runtime_3.8.701.20230209-1606\jars\maven-compat-3.8.7.jar
2023-03-23 14:46:36,568 [Worker-5: Launching Executing clean in C__Users_gobar_OneDrive_Desktop_Cucumber_Projects_seach.com] INFO  o.eclipse.m2e.core.internal.Bundles - 	Entry: C:\Users\gobar\.p2\pool\plugins\org.eclipse.m2e.maven.runtime_3.8.701.20230209-1606\jars\maven-core-3.8.7.jar
2023-03-23 14:46:36,568 [Worker-5: Launching Executing clean in C__Users_gobar_OneDrive_Desktop_Cucumber_Projects_seach.com] INFO  o.eclipse.m2e.core.internal.Bundles - 	Entry: C:\Users\gobar\.p2\pool\plugins\org.eclipse.m2e.maven.runtime_3.8.701.20230209-1606\jars\maven-embedder-3.8.7.jar
2023-03-23 14:46:36,569 [Worker-5: Launching Executing clean in C__Users_gobar_OneDrive_Desktop_Cucumber_Projects_seach.com] INFO  o.eclipse.m2e.core.internal.Bundles - 	Entry: C:\Users\gobar\.p2\pool\plugins\org.eclipse.m2e.maven.runtime_3.8.701.20230209-1606\jars\maven-model-3.8.7.jar
2023-03-23 14:46:36,570 [Worker-5: Launching Executing clean in C__Users_gobar_OneDrive_Desktop_Cucumber_Projects_seach.com] INFO  o.eclipse.m2e.core.internal.Bundles - 	Entry: C:\Users\gobar\.p2\pool\plugins\org.eclipse.m2e.maven.runtime_3.8.701.20230209-1606\jars\maven-model-builder-3.8.7.jar
2023-03-23 14:46:36,570 [Worker-5: Launching Executing clean in C__Users_gobar_OneDrive_Desktop_Cucumber_Projects_seach.com] INFO  o.eclipse.m2e.core.internal.Bundles - 	Entry: C:\Users\gobar\.p2\pool\plugins\org.eclipse.m2e.maven.runtime_3.8.701.20230209-1606\jars\maven-plugin-api-3.8.7.jar
2023-03-23 14:46:36,570 [Worker-5: Launching Executing clean in C__Users_gobar_OneDrive_Desktop_Cucumber_Projects_seach.com] INFO  o.eclipse.m2e.core.internal.Bundles - 	Entry: C:\Users\gobar\.p2\pool\plugins\org.eclipse.m2e.maven.runtime_3.8.701.20230209-1606\jars\maven-repository-metadata-3.8.7.jar
2023-03-23 14:46:36,571 [Worker-5: Launching Executing clean in C__Users_gobar_OneDrive_Desktop_Cucumber_Projects_seach.com] INFO  o.eclipse.m2e.core.internal.Bundles - 	Entry: C:\Users\gobar\.p2\pool\plugins\org.eclipse.m2e.maven.runtime_3.8.701.20230209-1606\jars\maven-resolver-api-1.6.3.jar
2023-03-23 14:46:36,571 [Worker-5: Launching Executing clean in C__Users_gobar_OneDrive_Desktop_Cucumber_Projects_seach.com] INFO  o.eclipse.m2e.core.internal.Bundles - 	Entry: C:\Users\gobar\.p2\pool\plugins\org.eclipse.m2e.maven.runtime_3.8.701.20230209-1606\jars\maven-resolver-connector-basic-1.6.3.jar
2023-03-23 14:46:36,572 [Worker-5: Launching Executing clean in C__Users_gobar_OneDrive_Desktop_Cucumber_Projects_seach.com] INFO  o.eclipse.m2e.core.internal.Bundles - 	Entry: C:\Users\gobar\.p2\pool\plugins\org.eclipse.m2e.maven.runtime_3.8.701.20230209-1606\jars\maven-resolver-impl-1.6.3.jar
2023-03-23 14:46:36,572 [Worker-5: Launching Executing clean in C__Users_gobar_OneDrive_Desktop_Cucumber_Projects_seach.com] INFO  o.eclipse.m2e.core.internal.Bundles - 	Entry: C:\Users\gobar\.p2\pool\plugins\org.eclipse.m2e.maven.runtime_3.8.701.20230209-1606\jars\maven-resolver-provider-3.8.7.jar
2023-03-23 14:46:36,573 [Worker-5: Launching Executing clean in C__Users_gobar_OneDrive_Desktop_Cucumber_Projects_seach.com] INFO  o.eclipse.m2e.core.internal.Bundles - 	Entry: C:\Users\gobar\.p2\pool\plugins\org.eclipse.m2e.maven.runtime_3.8.701.20230209-1606\jars\maven-resolver-spi-1.6.3.jar
2023-03-23 14:46:36,573 [Worker-5: Launching Executing clean in C__Users_gobar_OneDrive_Desktop_Cucumber_Projects_seach.com] INFO  o.eclipse.m2e.core.internal.Bundles - 	Entry: C:\Users\gobar\.p2\pool\plugins\org.eclipse.m2e.maven.runtime_3.8.701.20230209-1606\jars\maven-resolver-transport-wagon-1.6.3.jar
2023-03-23 14:46:36,574 [Worker-5: Launching Executing clean in C__Users_gobar_OneDrive_Desktop_Cucumber_Projects_seach.com] INFO  o.eclipse.m2e.core.internal.Bundles - 	Entry: C:\Users\gobar\.p2\pool\plugins\org.eclipse.m2e.maven.runtime_3.8.701.20230209-1606\jars\maven-resolver-util-1.6.3.jar
2023-03-23 14:46:36,574 [Worker-5: Launching Executing clean in C__Users_gobar_OneDrive_Desktop_Cucumber_Projects_seach.com] INFO  o.eclipse.m2e.core.internal.Bundles - 	Entry: C:\Users\gobar\.p2\pool\plugins\org.eclipse.m2e.maven.runtime_3.8.701.20230209-1606\jars\maven-settings-3.8.7.jar
2023-03-23 14:46:36,575 [Worker-5: Launching Executing clean in C__Users_gobar_OneDrive_Desktop_Cucumber_Projects_seach.com] INFO  o.eclipse.m2e.core.internal.Bundles - 	Entry: C:\Users\gobar\.p2\pool\plugins\org.eclipse.m2e.maven.runtime_3.8.701.20230209-1606\jars\maven-settings-builder-3.8.7.jar
2023-03-23 14:46:36,575 [Worker-5: Launching Executing clean in C__Users_gobar_OneDrive_Desktop_Cucumber_Projects_seach.com] INFO  o.eclipse.m2e.core.internal.Bundles - 	Entry: C:\Users\gobar\.p2\pool\plugins\org.eclipse.m2e.maven.runtime_3.8.701.20230209-1606\jars\maven-shared-utils-3.3.4.jar
2023-03-23 14:46:36,576 [Worker-5: Launching Executing clean in C__Users_gobar_OneDrive_Desktop_Cucumber_Projects_seach.com] INFO  o.eclipse.m2e.core.internal.Bundles - 	Entry: C:\Users\gobar\.p2\pool\plugins\org.eclipse.m2e.maven.runtime_3.8.701.20230209-1606\jars\okhttp-3.14.1.jar
2023-03-23 14:46:36,576 [Worker-5: Launching Executing clean in C__Users_gobar_OneDrive_Desktop_Cucumber_Projects_seach.com] INFO  o.eclipse.m2e.core.internal.Bundles - 	Entry: C:\Users\gobar\.p2\pool\plugins\org.eclipse.m2e.maven.runtime_3.8.701.20230209-1606\jars\okio-1.17.3.jar
2023-03-23 14:46:36,577 [Worker-5: Launching Executing clean in C__Users_gobar_OneDrive_Desktop_Cucumber_Projects_seach.com] INFO  o.eclipse.m2e.core.internal.Bundles - 	Entry: C:\Users\gobar\.p2\pool\plugins\org.eclipse.m2e.maven.runtime_3.8.701.20230209-1606\jars\org.eclipse.sisu.inject-0.3.5.jar
2023-03-23 14:46:36,577 [Worker-5: Launching Executing clean in C__Users_gobar_OneDrive_Desktop_Cucumber_Projects_seach.com] INFO  o.eclipse.m2e.core.internal.Bundles - 	Entry: C:\Users\gobar\.p2\pool\plugins\org.eclipse.m2e.maven.runtime_3.8.701.20230209-1606\jars\org.eclipse.sisu.plexus-0.3.5.jar
2023-03-23 14:46:36,577 [Worker-5: Launching Executing clean in C__Users_gobar_OneDrive_Desktop_Cucumber_Projects_seach.com] INFO  o.eclipse.m2e.core.internal.Bundles - 	Entry: C:\Users\gobar\.p2\pool\plugins\org.eclipse.m2e.maven.runtime_3.8.701.20230209-1606\jars\plexus-build-api-0.0.7.jar
2023-03-23 14:46:36,578 [Worker-5: Launching Executing clean in C__Users_gobar_OneDrive_Desktop_Cucumber_Projects_seach.com] INFO  o.eclipse.m2e.core.internal.Bundles - 	Entry: C:\Users\gobar\.p2\pool\plugins\org.eclipse.m2e.maven.runtime_3.8.701.20230209-1606\jars\plexus-cipher-2.0.jar
2023-03-23 14:46:36,579 [Worker-5: Launching Executing clean in C__Users_gobar_OneDrive_Desktop_Cucumber_Projects_seach.com] INFO  o.eclipse.m2e.core.internal.Bundles - 	Entry: C:\Users\gobar\.p2\pool\plugins\org.eclipse.m2e.maven.runtime_3.8.701.20230209-1606\jars\plexus-classworlds-2.6.0.jar
2023-03-23 14:46:36,579 [Worker-5: Launching Executing clean in C__Users_gobar_OneDrive_Desktop_Cucumber_Projects_seach.com] INFO  o.eclipse.m2e.core.internal.Bundles - 	Entry: C:\Users\gobar\.p2\pool\plugins\org.eclipse.m2e.maven.runtime_3.8.701.20230209-1606\jars\plexus-component-annotations-2.1.0.jar
2023-03-23 14:46:36,580 [Worker-5: Launching Executing clean in C__Users_gobar_OneDrive_Desktop_Cucumber_Projects_seach.com] INFO  o.eclipse.m2e.core.internal.Bundles - 	Entry: C:\Users\gobar\.p2\pool\plugins\org.eclipse.m2e.maven.runtime_3.8.701.20230209-1606\jars\plexus-interpolation-1.26.jar
2023-03-23 14:46:36,580 [Worker-5: Launching Executing clean in C__Users_gobar_OneDrive_Desktop_Cucumber_Projects_seach.com] INFO  o.eclipse.m2e.core.internal.Bundles - 	Entry: C:\Users\gobar\.p2\pool\plugins\org.eclipse.m2e.maven.runtime_3.8.701.20230209-1606\jars\plexus-sec-dispatcher-2.0.jar
2023-03-23 14:46:36,581 [Worker-5: Launching Executing clean in C__Users_gobar_OneDrive_Desktop_Cucumber_Projects_seach.com] INFO  o.eclipse.m2e.core.internal.Bundles - 	Entry: C:\Users\gobar\.p2\pool\plugins\org.eclipse.m2e.maven.runtime_3.8.701.20230209-1606\jars\plexus-utils-3.3.1.jar
2023-03-23 14:46:36,581 [Worker-5: Launching Executing clean in C__Users_gobar_OneDrive_Desktop_Cucumber_Projects_seach.com] INFO  o.eclipse.m2e.core.internal.Bundles - 	Entry: C:\Users\gobar\.p2\pool\plugins\org.eclipse.m2e.maven.runtime_3.8.701.20230209-1606\jars\wagon-file-3.5.3.jar
2023-03-23 14:46:36,582 [Worker-5: Launching Executing clean in C__Users_gobar_OneDrive_Desktop_Cucumber_Projects_seach.com] INFO  o.eclipse.m2e.core.internal.Bundles - 	Entry: C:\Users\gobar\.p2\pool\plugins\org.eclipse.m2e.maven.runtime_3.8.701.20230209-1606\jars\wagon-provider-api-3.5.3.jar
2023-03-23 14:46:36,586 [Worker-5: Launching Executing clean in C__Users_gobar_OneDrive_Desktop_Cucumber_Projects_seach.com] INFO  o.eclipse.m2e.core.internal.Bundles - getClasspathEntries(Bundle=com.google.guava_31.1.0.jre [448])
2023-03-23 14:46:36,587 [Worker-5: Launching Executing clean in C__Users_gobar_OneDrive_Desktop_Cucumber_Projects_seach.com] INFO  o.eclipse.m2e.core.internal.Bundles - 	Entry: C:\Users\gobar\.p2\pool\plugins\com.google.guava_31.1.0.jre.jar
2023-03-23 14:46:36,588 [Worker-5: Launching Executing clean in C__Users_gobar_OneDrive_Desktop_Cucumber_Projects_seach.com] INFO  o.eclipse.m2e.core.internal.Bundles - getClasspathEntries(Bundle=slf4j.api_1.7.36 [431])
2023-03-23 14:46:36,589 [Worker-5: Launching Executing clean in C__Users_gobar_OneDrive_Desktop_Cucumber_Projects_seach.com] INFO  o.eclipse.m2e.core.internal.Bundles - 	Entry: C:\Users\gobar\.p2\pool\plugins\slf4j.api_1.7.36.jar
2023-03-23 14:46:36,589 [Worker-5: Launching Executing clean in C__Users_gobar_OneDrive_Desktop_Cucumber_Projects_seach.com] INFO  o.eclipse.m2e.core.internal.Bundles - getClasspathEntries(Bundle=javax.inject_1.0.0.v20220405-0441 [18])
2023-03-23 14:46:36,591 [Worker-5: Launching Executing clean in C__Users_gobar_OneDrive_Desktop_Cucumber_Projects_seach.com] INFO  o.eclipse.m2e.core.internal.Bundles - 	Entry: C:\Users\gobar\.p2\pool\plugins\javax.inject_1.0.0.v20220405-0441.jar
2023-03-23 14:46:36,592 [Worker-5: Launching Executing clean in C__Users_gobar_OneDrive_Desktop_Cucumber_Projects_seach.com] INFO  o.eclipse.m2e.core.internal.Bundles - getClasspathEntries(Bundle=javax.annotation_1.3.5.v20221112-0806 [16])
2023-03-23 14:46:36,594 [Worker-5: Launching Executing clean in C__Users_gobar_OneDrive_Desktop_Cucumber_Projects_seach.com] INFO  o.eclipse.m2e.core.internal.Bundles - 	Entry: C:\Users\gobar\.p2\pool\plugins\javax.annotation_1.3.5.v20221112-0806.jar
2023-03-23 14:46:36,594 [Worker-5: Launching Executing clean in C__Users_gobar_OneDrive_Desktop_Cucumber_Projects_seach.com] INFO  o.eclipse.m2e.core.internal.Bundles - getClasspathEntries(Bundle=org.apache.commons.cli_1.4.0.v20221112-0806 [450])
2023-03-23 14:46:36,596 [Worker-5: Launching Executing clean in C__Users_gobar_OneDrive_Desktop_Cucumber_Projects_seach.com] INFO  o.eclipse.m2e.core.internal.Bundles - 	Entry: C:\Users\gobar\.p2\pool\plugins\org.apache.commons.cli_1.4.0.v20221112-0806.jar
2023-03-23 14:46:36,596 [Worker-5: Launching Executing clean in C__Users_gobar_OneDrive_Desktop_Cucumber_Projects_seach.com] INFO  o.eclipse.m2e.core.internal.Bundles - getClasspathEntries(Bundle=com.google.guava.failureaccess_1.0.1 [449])
2023-03-23 14:46:36,598 [Worker-5: Launching Executing clean in C__Users_gobar_OneDrive_Desktop_Cucumber_Projects_seach.com] INFO  o.eclipse.m2e.core.internal.Bundles - 	Entry: C:\Users\gobar\.p2\pool\plugins\com.google.guava.failureaccess_1.0.1.jar
2023-03-23 14:46:36,602 [Worker-5: Launching Executing clean in C__Users_gobar_OneDrive_Desktop_Cucumber_Projects_seach.com] INFO  o.e.m.i.launch.MavenLaunchDelegate - Run build in "C:\Users\gobar\OneDrive\Desktop\Cucumber_Projects\seach.com":
2023-03-23 14:46:36,604 [Worker-5: Launching Executing clean in C__Users_gobar_OneDrive_Desktop_Cucumber_Projects_seach.com] INFO  o.e.m.i.launch.MavenLaunchDelegate -  mvn  -B -Dstyle.color=always clean
2023-03-23 14:46:47,614 [Worker-4: Launching search.feature] WARN  o.e.m.c.i.embedder.EclipseLogger - Using platform encoding (UTF-8 actually) to copy filtered resources, i.e. build is platform dependent!
2023-03-23 14:46:47,621 [Worker-4: Launching search.feature] INFO  o.e.m.c.i.embedder.EclipseLogger - Copying 0 resource
2023-03-23 14:46:47,630 [Worker-4: Launching search.feature] WARN  o.e.m.c.i.embedder.EclipseLogger - Using platform encoding (UTF-8 actually) to copy filtered resources, i.e. build is platform dependent!
2023-03-23 14:46:47,637 [Worker-4: Launching search.feature] INFO  o.e.m.c.i.embedder.EclipseLogger - Copying 1 resource
2023-03-23 14:47:00,120 [Worker-13: Building] WARN  o.e.m.c.i.embedder.EclipseLogger - Using platform encoding (UTF-8 actually) to copy filtered resources, i.e. build is platform dependent!
2023-03-23 14:47:00,125 [Worker-13: Building] INFO  o.e.m.c.i.embedder.EclipseLogger - Copying 0 resource
2023-03-23 14:47:00,131 [Worker-13: Building] WARN  o.e.m.c.i.embedder.EclipseLogger - Using platform encoding (UTF-8 actually) to copy filtered resources, i.e. build is platform dependent!
2023-03-23 14:47:00,138 [Worker-13: Building] INFO  o.e.m.c.i.embedder.EclipseLogger - Copying 1 resource
2023-03-23 14:47:59,027 [Worker-7: Building] INFO  o.e.m.c.i.l.LifecycleMappingFactory - Using org.eclipse.m2e.jdt.JarLifecycleMapping lifecycle mapping for MavenProject: com.search:seach.com:0.0.1-SNAPSHOT @ C:\Users\gobar\OneDrive\Desktop\Cucumber_Projects\seach.com\pom.xml.
2023-03-23 14:48:06,188 [Worker-10: Download sources and javadoc] INFO  o.e.m.c.i.e.AbstractTransferListenerAdapter - Downloaded https://repo.maven.apache.org/maven2/asm/asm/3.3.1/asm-3.3.1-javadoc.jar
2023-03-23 14:48:06,197 [Worker-10: Download sources and javadoc] ERROR o.e.m.j.internal.DownloadSourcesJob - Could not download javadoc for asm:asm:3.3.1
org.eclipse.core.runtime.CoreException: Could not resolve artifact asm:asm:jar:javadoc:3.3.1
	at org.eclipse.m2e.core.internal.embedder.MavenImpl.lambda$6(MavenImpl.java:584)
	at org.eclipse.m2e.core.internal.embedder.MavenExecutionContext.executeBare(MavenExecutionContext.java:394)
	at org.eclipse.m2e.core.internal.embedder.MavenExecutionContext.execute(MavenExecutionContext.java:228)
	at org.eclipse.m2e.core.internal.embedder.MavenExecutionContext.execute(MavenExecutionContext.java:214)
	at org.eclipse.m2e.core.internal.embedder.MavenImpl.resolve(MavenImpl.java:553)
	at org.eclipse.m2e.core.internal.embedder.MavenImpl.resolve(MavenImpl.java:538)
	at org.eclipse.m2e.jdt.internal.DownloadSourcesJob.download(DownloadSourcesJob.java:308)
	at org.eclipse.m2e.jdt.internal.DownloadSourcesJob.downloadAttachments(DownloadSourcesJob.java:294)
	at org.eclipse.m2e.jdt.internal.DownloadSourcesJob.downloadMaven(DownloadSourcesJob.java:252)
	at org.eclipse.m2e.jdt.internal.DownloadSourcesJob.downloadFilesAndPopulateToUpdate(DownloadSourcesJob.java:220)
	at org.eclipse.m2e.jdt.internal.DownloadSourcesJob.lambda$0(DownloadSourcesJob.java:149)
	at org.eclipse.m2e.core.internal.embedder.MavenExecutionContext.executeBare(MavenExecutionContext.java:394)
	at org.eclipse.m2e.core.internal.embedder.MavenExecutionContext.execute(MavenExecutionContext.java:275)
	at org.eclipse.m2e.core.internal.embedder.MavenExecutionContext.execute(MavenExecutionContext.java:214)
	at org.eclipse.m2e.core.embedder.IMaven.execute(IMaven.java:294)
	at org.eclipse.m2e.jdt.internal.DownloadSourcesJob.run(DownloadSourcesJob.java:149)
	at org.eclipse.core.internal.jobs.Worker.run(Worker.java:63)
2023-03-23 14:48:14,903 [Worker-7: Building] WARN  o.e.m.c.i.embedder.EclipseLogger - Using platform encoding (UTF-8 actually) to copy filtered resources, i.e. build is platform dependent!
2023-03-23 14:48:14,907 [Worker-7: Building] INFO  o.e.m.c.i.embedder.EclipseLogger - Copying 0 resource
2023-03-23 14:48:14,914 [Worker-7: Building] WARN  o.e.m.c.i.embedder.EclipseLogger - Using platform encoding (UTF-8 actually) to copy filtered resources, i.e. build is platform dependent!
2023-03-23 14:48:14,919 [Worker-7: Building] INFO  o.e.m.c.i.embedder.EclipseLogger - Copying 0 resource
2023-03-23 14:48:16,172 [Worker-3: Updating Maven Project] INFO  o.e.m.c.i.p.ProjectConfigurationManager - Update started
2023-03-23 14:48:17,075 [Worker-3: Updating Maven Project] INFO  o.e.m.c.i.l.LifecycleMappingFactory - Using org.eclipse.m2e.jdt.JarLifecycleMapping lifecycle mapping for MavenProject: com.search:seach.com:0.0.1-SNAPSHOT @ C:\Users\gobar\OneDrive\Desktop\Cucumber_Projects\seach.com\pom.xml.
2023-03-23 14:48:19,139 [Worker-3: Updating Maven Project] INFO  o.e.m.j.i.AbstractJavaProjectConfigurator - Adding source folder /seach.com/src/main/java
2023-03-23 14:48:19,140 [Worker-3: Updating Maven Project] INFO  o.e.m.j.i.AbstractJavaProjectConfigurator - Adding resource folder /seach.com/src/main/resources
2023-03-23 14:48:19,144 [Worker-3: Updating Maven Project] INFO  o.e.m.j.i.AbstractJavaProjectConfigurator - Adding source folder /seach.com/src/test/java
2023-03-23 14:48:19,145 [Worker-3: Updating Maven Project] INFO  o.e.m.j.i.AbstractJavaProjectConfigurator - Adding resource folder /seach.com/src/test/resources
2023-03-23 14:48:22,104 [Worker-3: Updating Maven Project] INFO  o.e.m.c.i.p.ProjectConfigurationManager - Update completed for 1 poms: local refresh takes 0.00 sec, refresh facades takes 2.00 sec, update config takes 1.00 sec 
2023-03-23 14:48:22,359 [Worker-0: Building] WARN  o.e.m.c.i.embedder.EclipseLogger - Using platform encoding (UTF-8 actually) to copy filtered resources, i.e. build is platform dependent!
2023-03-23 14:48:22,365 [Worker-0: Building] INFO  o.e.m.c.i.embedder.EclipseLogger - Copying 0 resource
2023-03-23 14:48:22,385 [Worker-0: Building] WARN  o.e.m.c.i.embedder.EclipseLogger - Using platform encoding (UTF-8 actually) to copy filtered resources, i.e. build is platform dependent!
2023-03-23 14:48:22,387 [Worker-0: Building] INFO  o.e.m.c.i.embedder.EclipseLogger - Copying 1 resource
2023-03-23 14:48:32,190 [Worker-10: Launching Executing install in C__Users_gobar_OneDrive_Desktop_Cucumber_Projects_seach.com] INFO  o.e.m.i.launch.MavenLaunchDelegate - Run build in "C:\Users\gobar\OneDrive\Desktop\Cucumber_Projects\seach.com":
2023-03-23 14:48:32,190 [Worker-10: Launching Executing install in C__Users_gobar_OneDrive_Desktop_Cucumber_Projects_seach.com] INFO  o.e.m.i.launch.MavenLaunchDelegate -  mvn  -B -Dstyle.color=always install
